2025-11-04T23:41:23.634Z - info:   [06480] *** FOLDER: c:\Users\aharo\Kosstech\OneDrive - Strategic Integration Technologies\bbsynr\my-real-estate-app ***
2025-11-04T23:41:23.635Z - info:   [06480] AzureReposVSCode/1.161.0 (VSCode 1.105.1; Windows_NT 10.0.26200; Node 22.19.0)
2025-11-04T23:41:23.635Z - debug:  [06480] Looking for an External Context at c:\Users\aharo\Kosstech\OneDrive - Strategic Integration Technologies\bbsynr\my-real-estate-app
2025-11-04T23:41:23.636Z - debug:  [06480] No External Context at c:\Users\aharo\Kosstech\OneDrive - Strategic Integration Technologies\bbsynr\my-real-estate-app
2025-11-04T23:41:23.637Z - debug:  [06480] Looking for TFVC repository at c:\Users\aharo\Kosstech\OneDrive - Strategic Integration Technologies\bbsynr\my-real-estate-app
2025-11-04T23:41:23.638Z - debug:  [06480] TFVC Creating Tfvc object with localPath='undefined'
2025-11-04T23:41:23.640Z - debug:  [06480] Using TFS proxy: 
2025-11-04T23:41:23.640Z - debug:  [06480] TFVC Retrieved from settings; localPath='C:\TEE\TEE-CLC-14.114.0\tf.cmd'
2025-11-04T23:41:23.645Z - debug:  [06480] TFVC Repository created with repositoryRootFolder='c:\Users\aharo\Kosstech\OneDrive - Strategic Integration Technologies\bbsynr\my-real-estate-app'
2025-11-04T23:41:23.647Z - debug:  [06480] TFVC Repository.CheckVersion
2025-11-04T23:41:23.648Z - debug:  [06480] TFVC: tf add -noprompt -?
2025-11-04T23:41:23.651Z - error:  [06480] spawn EINVAL
2025-11-06T00:02:08.624Z - info:   [29780] *** FOLDER: c:\Users\aharo\Kosstech\OneDrive - Strategic Integration Technologies\bbsynr\my-real-estate-app ***
2025-11-06T00:02:08.626Z - info:   [29780] AzureReposVSCode/1.161.0 (VSCode 1.105.1; Windows_NT 10.0.26200; Node 22.19.0)
2025-11-06T00:02:08.627Z - debug:  [29780] Looking for an External Context at c:\Users\aharo\Kosstech\OneDrive - Strategic Integration Technologies\bbsynr\my-real-estate-app
2025-11-06T00:02:08.628Z - debug:  [29780] No External Context at c:\Users\aharo\Kosstech\OneDrive - Strategic Integration Technologies\bbsynr\my-real-estate-app
2025-11-06T00:02:08.631Z - debug:  [29780] Looking for TFVC repository at c:\Users\aharo\Kosstech\OneDrive - Strategic Integration Technologies\bbsynr\my-real-estate-app
2025-11-06T00:02:08.631Z - debug:  [29780] TFVC Creating Tfvc object with localPath='undefined'
2025-11-06T00:02:08.633Z - debug:  [29780] Using TFS proxy: 
2025-11-06T00:02:08.633Z - debug:  [29780] TFVC Retrieved from settings; localPath='C:\TEE\TEE-CLC-14.114.0\tf.cmd'
2025-11-06T00:02:08.639Z - debug:  [29780] TFVC Repository created with repositoryRootFolder='c:\Users\aharo\Kosstech\OneDrive - Strategic Integration Technologies\bbsynr\my-real-estate-app'
2025-11-06T00:02:08.641Z - debug:  [29780] TFVC Repository.CheckVersion
2025-11-06T00:02:08.642Z - debug:  [29780] TFVC: tf add -noprompt -?
2025-11-06T00:02:08.645Z - error:  [29780] spawn EINVAL
2025-11-07T00:45:07.817Z - info:   [29820] *** FOLDER: c:\Users\aharo\Kosstech\OneDrive - Strategic Integration Technologies\bbsynr\my-real-estate-app ***
2025-11-07T00:45:07.819Z - info:   [29820] AzureReposVSCode/1.161.0 (VSCode 1.105.1; Windows_NT 10.0.26200; Node 22.19.0)
2025-11-07T00:45:07.821Z - debug:  [29820] Looking for an External Context at c:\Users\aharo\Kosstech\OneDrive - Strategic Integration Technologies\bbsynr\my-real-estate-app
2025-11-07T00:45:07.821Z - debug:  [29820] No External Context at c:\Users\aharo\Kosstech\OneDrive - Strategic Integration Technologies\bbsynr\my-real-estate-app
2025-11-07T00:45:07.827Z - debug:  [29820] Looking for TFVC repository at c:\Users\aharo\Kosstech\OneDrive - Strategic Integration Technologies\bbsynr\my-real-estate-app
2025-11-07T00:45:07.828Z - debug:  [29820] TFVC Creating Tfvc object with localPath='undefined'
2025-11-07T00:45:07.835Z - debug:  [29820] Using TFS proxy: 
2025-11-07T00:45:07.836Z - debug:  [29820] TFVC Retrieved from settings; localPath='C:\TEE\TEE-CLC-14.114.0\tf.cmd'
2025-11-07T00:45:07.840Z - debug:  [29820] TFVC Repository created with repositoryRootFolder='c:\Users\aharo\Kosstech\OneDrive - Strategic Integration Technologies\bbsynr\my-real-estate-app'
2025-11-07T00:45:07.842Z - debug:  [29820] TFVC Repository.CheckVersion
2025-11-07T00:45:07.843Z - debug:  [29820] TFVC: tf add -noprompt -?
2025-11-07T00:45:07.850Z - error:  [29820] spawn EINVAL
2025-11-07T00:47:36.873Z - info:   [02660] *** FOLDER: c:\Users\aharo\Kosstech\OneDrive - Strategic Integration Technologies\bbsynr\my-real-estate-app ***
2025-11-07T00:47:36.873Z - info:   [02660] AzureReposVSCode/1.161.0 (VSCode 1.105.1; Windows_NT 10.0.26200; Node 22.19.0)
2025-11-07T00:47:36.874Z - debug:  [02660] Looking for an External Context at c:\Users\aharo\Kosstech\OneDrive - Strategic Integration Technologies\bbsynr\my-real-estate-app
2025-11-07T00:47:36.874Z - debug:  [02660] No External Context at c:\Users\aharo\Kosstech\OneDrive - Strategic Integration Technologies\bbsynr\my-real-estate-app
2025-11-07T00:47:36.876Z - debug:  [02660] Looking for TFVC repository at c:\Users\aharo\Kosstech\OneDrive - Strategic Integration Technologies\bbsynr\my-real-estate-app
2025-11-07T00:47:36.877Z - debug:  [02660] TFVC Creating Tfvc object with localPath='undefined'
2025-11-07T00:47:36.878Z - debug:  [02660] Using TFS proxy: 
2025-11-07T00:47:36.878Z - debug:  [02660] TFVC Retrieved from settings; localPath='C:\TEE\TEE-CLC-14.114.0\tf.cmd'
2025-11-07T00:47:36.879Z - debug:  [02660] TFVC Repository created with repositoryRootFolder='c:\Users\aharo\Kosstech\OneDrive - Strategic Integration Technologies\bbsynr\my-real-estate-app'
2025-11-07T00:47:36.880Z - debug:  [02660] TFVC Repository.CheckVersion
2025-11-07T00:47:36.881Z - debug:  [02660] TFVC: tf add -noprompt -?
2025-11-07T00:47:36.883Z - error:  [02660] spawn EINVAL
2025-11-14T13:38:06.654Z - info:   [09200] *** FOLDER: c:\Users\aharo\Kosstech\OneDrive - Strategic Integration Technologies\bbsynr\my-real-estate-app ***
2025-11-14T13:38:06.655Z - info:   [09200] AzureReposVSCode/1.161.0 (VSCode 1.106.0; Windows_NT 10.0.26200; Node 22.20.0)
2025-11-14T13:38:06.656Z - debug:  [09200] Looking for an External Context at c:\Users\aharo\Kosstech\OneDrive - Strategic Integration Technologies\bbsynr\my-real-estate-app
2025-11-14T13:38:06.656Z - debug:  [09200] No External Context at c:\Users\aharo\Kosstech\OneDrive - Strategic Integration Technologies\bbsynr\my-real-estate-app
2025-11-14T13:38:07.270Z - debug:  [09200] Looking for TFVC repository at c:\Users\aharo\Kosstech\OneDrive - Strategic Integration Technologies\bbsynr\my-real-estate-app
2025-11-14T13:38:07.271Z - debug:  [09200] TFVC Creating Tfvc object with localPath='undefined'
2025-11-14T13:38:07.274Z - debug:  [09200] Using TFS proxy: 
2025-11-14T13:38:07.274Z - debug:  [09200] TFVC Retrieved from settings; localPath='C:\TEE\TEE-CLC-14.114.0\tf.cmd'
2025-11-14T13:38:07.275Z - debug:  [09200] TFVC Repository created with repositoryRootFolder='c:\Users\aharo\Kosstech\OneDrive - Strategic Integration Technologies\bbsynr\my-real-estate-app'
2025-11-14T13:38:07.277Z - debug:  [09200] TFVC Repository.CheckVersion
2025-11-14T13:38:07.280Z - debug:  [09200] TFVC: tf add -noprompt -?
2025-11-14T13:38:07.285Z - error:  [09200] spawn EINVAL
2025-11-19T18:54:57.840Z - info:   [21588] *** FOLDER: c:\Users\aharo\Kosstech\OneDrive - Strategic Integration Technologies\bbsynr\my-real-estate-app ***
2025-11-19T18:54:57.841Z - info:   [21588] AzureReposVSCode/1.161.0 (VSCode 1.106.0; Windows_NT 10.0.26200; Node 22.20.0)
2025-11-19T18:54:57.842Z - debug:  [21588] Looking for an External Context at c:\Users\aharo\Kosstech\OneDrive - Strategic Integration Technologies\bbsynr\my-real-estate-app
2025-11-19T18:54:57.843Z - debug:  [21588] No External Context at c:\Users\aharo\Kosstech\OneDrive - Strategic Integration Technologies\bbsynr\my-real-estate-app
2025-11-19T18:54:57.862Z - debug:  [21588] Looking for TFVC repository at c:\Users\aharo\Kosstech\OneDrive - Strategic Integration Technologies\bbsynr\my-real-estate-app
2025-11-19T18:54:57.862Z - debug:  [21588] TFVC Creating Tfvc object with localPath='undefined'
2025-11-19T18:54:57.864Z - debug:  [21588] Using TFS proxy: 
2025-11-19T18:54:57.864Z - debug:  [21588] TFVC Retrieved from settings; localPath='C:\TEE\TEE-CLC-14.114.0\tf.cmd'
2025-11-19T18:54:57.867Z - debug:  [21588] TFVC Repository created with repositoryRootFolder='c:\Users\aharo\Kosstech\OneDrive - Strategic Integration Technologies\bbsynr\my-real-estate-app'
2025-11-19T18:54:57.869Z - debug:  [21588] TFVC Repository.CheckVersion
2025-11-19T18:54:57.871Z - debug:  [21588] TFVC: tf add -noprompt -?
2025-11-19T18:54:57.873Z - error:  [21588] spawn EINVAL
2025-11-21T23:27:42.860Z - info:   [24092] *** FOLDER: c:\Users\aharo\Kosstech\OneDrive - Strategic Integration Technologies\bbsynr\my-real-estate-app ***
2025-11-21T23:27:42.862Z - info:   [24092] AzureReposVSCode/1.161.0 (VSCode 1.106.1; Windows_NT 10.0.26200; Node 22.20.0)
2025-11-21T23:27:42.863Z - debug:  [24092] Looking for an External Context at c:\Users\aharo\Kosstech\OneDrive - Strategic Integration Technologies\bbsynr\my-real-estate-app
2025-11-21T23:27:42.863Z - debug:  [24092] No External Context at c:\Users\aharo\Kosstech\OneDrive - Strategic Integration Technologies\bbsynr\my-real-estate-app
2025-11-21T23:27:42.882Z - debug:  [24092] Looking for TFVC repository at c:\Users\aharo\Kosstech\OneDrive - Strategic Integration Technologies\bbsynr\my-real-estate-app
2025-11-21T23:27:42.883Z - debug:  [24092] TFVC Creating Tfvc object with localPath='undefined'
2025-11-21T23:27:42.886Z - debug:  [24092] Using TFS proxy: 
2025-11-21T23:27:42.886Z - debug:  [24092] TFVC Retrieved from settings; localPath='C:\TEE\TEE-CLC-14.114.0\tf.cmd'
2025-11-21T23:27:42.889Z - debug:  [24092] TFVC Repository created with repositoryRootFolder='c:\Users\aharo\Kosstech\OneDrive - Strategic Integration Technologies\bbsynr\my-real-estate-app'
2025-11-21T23:27:42.894Z - debug:  [24092] TFVC Repository.CheckVersion
2025-11-21T23:27:42.897Z - debug:  [24092] TFVC: tf add -noprompt -?
2025-11-21T23:27:42.906Z - error:  [24092] spawn EINVAL
2025-11-23T02:36:44.472Z - info:   [13136] *** FOLDER: c:\Users\aharo\Kosstech\OneDrive - Strategic Integration Technologies\bbsynr\my-real-estate-app ***
2025-11-23T02:36:44.473Z - info:   [13136] AzureReposVSCode/1.161.0 (VSCode 1.106.2; Windows_NT 10.0.26200; Node 22.20.0)
2025-11-23T02:36:44.474Z - debug:  [13136] Looking for an External Context at c:\Users\aharo\Kosstech\OneDrive - Strategic Integration Technologies\bbsynr\my-real-estate-app
2025-11-23T02:36:44.474Z - debug:  [13136] No External Context at c:\Users\aharo\Kosstech\OneDrive - Strategic Integration Technologies\bbsynr\my-real-estate-app
2025-11-23T02:36:44.512Z - debug:  [13136] Looking for TFVC repository at c:\Users\aharo\Kosstech\OneDrive - Strategic Integration Technologies\bbsynr\my-real-estate-app
2025-11-23T02:36:44.513Z - debug:  [13136] TFVC Creating Tfvc object with localPath='undefined'
2025-11-23T02:36:44.515Z - debug:  [13136] Using TFS proxy: 
2025-11-23T02:36:44.516Z - debug:  [13136] TFVC Retrieved from settings; localPath='C:\TEE\TEE-CLC-14.114.0\tf.cmd'
2025-11-23T02:36:44.521Z - debug:  [13136] TFVC Repository created with repositoryRootFolder='c:\Users\aharo\Kosstech\OneDrive - Strategic Integration Technologies\bbsynr\my-real-estate-app'
2025-11-23T02:36:44.523Z - debug:  [13136] TFVC Repository.CheckVersion
2025-11-23T02:36:44.525Z - debug:  [13136] TFVC: tf add -noprompt -?
2025-11-23T02:36:44.528Z - error:  [13136] spawn EINVAL
2025-11-23T04:28:23.831Z - info:   [24700] *** FOLDER: c:\Users\aharo\Kosstech\OneDrive - Strategic Integration Technologies\bbsynr\my-real-estate-app ***
2025-11-23T04:28:23.832Z - info:   [24700] AzureReposVSCode/1.161.0 (VSCode 1.106.2; Windows_NT 10.0.26200; Node 22.20.0)
2025-11-23T04:28:23.835Z - debug:  [24700] Looking for an External Context at c:\Users\aharo\Kosstech\OneDrive - Strategic Integration Technologies\bbsynr\my-real-estate-app
2025-11-23T04:28:23.835Z - debug:  [24700] No External Context at c:\Users\aharo\Kosstech\OneDrive - Strategic Integration Technologies\bbsynr\my-real-estate-app
2025-11-23T04:28:23.857Z - debug:  [24700] Looking for TFVC repository at c:\Users\aharo\Kosstech\OneDrive - Strategic Integration Technologies\bbsynr\my-real-estate-app
2025-11-23T04:28:23.858Z - debug:  [24700] TFVC Creating Tfvc object with localPath='undefined'
2025-11-23T04:28:23.860Z - debug:  [24700] Using TFS proxy: 
2025-11-23T04:28:23.860Z - debug:  [24700] TFVC Retrieved from settings; localPath='C:\TEE\TEE-CLC-14.114.0\tf.cmd'
2025-11-23T04:28:23.863Z - debug:  [24700] TFVC Repository created with repositoryRootFolder='c:\Users\aharo\Kosstech\OneDrive - Strategic Integration Technologies\bbsynr\my-real-estate-app'
2025-11-23T04:28:23.865Z - debug:  [24700] TFVC Repository.CheckVersion
2025-11-23T04:28:23.867Z - debug:  [24700] TFVC: tf add -noprompt -?
2025-11-23T04:28:23.871Z - error:  [24700] spawn EINVAL
