2025-11-04T23:41:23.634Z - info:   [06480] *** FOLDER: c:\Users\aharo\Kosstech\OneDrive - Strategic Integration Technologies\bbsynr\my-real-estate-app ***
2025-11-04T23:41:23.635Z - info:   [06480] AzureReposVSCode/1.161.0 (VSCode 1.105.1; Windows_NT 10.0.26200; Node 22.19.0)
2025-11-04T23:41:23.635Z - debug:  [06480] Looking for an External Context at c:\Users\aharo\Kosstech\OneDrive - Strategic Integration Technologies\bbsynr\my-real-estate-app
2025-11-04T23:41:23.636Z - debug:  [06480] No External Context at c:\Users\aharo\Kosstech\OneDrive - Strategic Integration Technologies\bbsynr\my-real-estate-app
2025-11-04T23:41:23.637Z - debug:  [06480] Looking for TFVC repository at c:\Users\aharo\Kosstech\OneDrive - Strategic Integration Technologies\bbsynr\my-real-estate-app
2025-11-04T23:41:23.638Z - debug:  [06480] TFVC Creating Tfvc object with localPath='undefined'
2025-11-04T23:41:23.640Z - debug:  [06480] Using TFS proxy: 
2025-11-04T23:41:23.640Z - debug:  [06480] TFVC Retrieved from settings; localPath='C:\TEE\TEE-CLC-14.114.0\tf.cmd'
2025-11-04T23:41:23.645Z - debug:  [06480] TFVC Repository created with repositoryRootFolder='c:\Users\aharo\Kosstech\OneDrive - Strategic Integration Technologies\bbsynr\my-real-estate-app'
2025-11-04T23:41:23.647Z - debug:  [06480] TFVC Repository.CheckVersion
2025-11-04T23:41:23.648Z - debug:  [06480] TFVC: tf add -noprompt -?
2025-11-04T23:41:23.651Z - error:  [06480] spawn EINVAL
2025-11-06T00:02:08.624Z - info:   [29780] *** FOLDER: c:\Users\aharo\Kosstech\OneDrive - Strategic Integration Technologies\bbsynr\my-real-estate-app ***
2025-11-06T00:02:08.626Z - info:   [29780] AzureReposVSCode/1.161.0 (VSCode 1.105.1; Windows_NT 10.0.26200; Node 22.19.0)
2025-11-06T00:02:08.627Z - debug:  [29780] Looking for an External Context at c:\Users\aharo\Kosstech\OneDrive - Strategic Integration Technologies\bbsynr\my-real-estate-app
2025-11-06T00:02:08.628Z - debug:  [29780] No External Context at c:\Users\aharo\Kosstech\OneDrive - Strategic Integration Technologies\bbsynr\my-real-estate-app
2025-11-06T00:02:08.631Z - debug:  [29780] Looking for TFVC repository at c:\Users\aharo\Kosstech\OneDrive - Strategic Integration Technologies\bbsynr\my-real-estate-app
2025-11-06T00:02:08.631Z - debug:  [29780] TFVC Creating Tfvc object with localPath='undefined'
2025-11-06T00:02:08.633Z - debug:  [29780] Using TFS proxy: 
2025-11-06T00:02:08.633Z - debug:  [29780] TFVC Retrieved from settings; localPath='C:\TEE\TEE-CLC-14.114.0\tf.cmd'
2025-11-06T00:02:08.639Z - debug:  [29780] TFVC Repository created with repositoryRootFolder='c:\Users\aharo\Kosstech\OneDrive - Strategic Integration Technologies\bbsynr\my-real-estate-app'
2025-11-06T00:02:08.641Z - debug:  [29780] TFVC Repository.CheckVersion
2025-11-06T00:02:08.642Z - debug:  [29780] TFVC: tf add -noprompt -?
2025-11-06T00:02:08.645Z - error:  [29780] spawn EINVAL
2025-11-07T00:45:07.817Z - info:   [29820] *** FOLDER: c:\Users\aharo\Kosstech\OneDrive - Strategic Integration Technologies\bbsynr\my-real-estate-app ***
2025-11-07T00:45:07.819Z - info:   [29820] AzureReposVSCode/1.161.0 (VSCode 1.105.1; Windows_NT 10.0.26200; Node 22.19.0)
2025-11-07T00:45:07.821Z - debug:  [29820] Looking for an External Context at c:\Users\aharo\Kosstech\OneDrive - Strategic Integration Technologies\bbsynr\my-real-estate-app
2025-11-07T00:45:07.821Z - debug:  [29820] No External Context at c:\Users\aharo\Kosstech\OneDrive - Strategic Integration Technologies\bbsynr\my-real-estate-app
2025-11-07T00:45:07.827Z - debug:  [29820] Looking for TFVC repository at c:\Users\aharo\Kosstech\OneDrive - Strategic Integration Technologies\bbsynr\my-real-estate-app
2025-11-07T00:45:07.828Z - debug:  [29820] TFVC Creating Tfvc object with localPath='undefined'
2025-11-07T00:45:07.835Z - debug:  [29820] Using TFS proxy: 
2025-11-07T00:45:07.836Z - debug:  [29820] TFVC Retrieved from settings; localPath='C:\TEE\TEE-CLC-14.114.0\tf.cmd'
2025-11-07T00:45:07.840Z - debug:  [29820] TFVC Repository created with repositoryRootFolder='c:\Users\aharo\Kosstech\OneDrive - Strategic Integration Technologies\bbsynr\my-real-estate-app'
2025-11-07T00:45:07.842Z - debug:  [29820] TFVC Repository.CheckVersion
2025-11-07T00:45:07.843Z - debug:  [29820] TFVC: tf add -noprompt -?
2025-11-07T00:45:07.850Z - error:  [29820] spawn EINVAL
2025-11-07T00:47:36.873Z - info:   [02660] *** FOLDER: c:\Users\aharo\Kosstech\OneDrive - Strategic Integration Technologies\bbsynr\my-real-estate-app ***
2025-11-07T00:47:36.873Z - info:   [02660] AzureReposVSCode/1.161.0 (VSCode 1.105.1; Windows_NT 10.0.26200; Node 22.19.0)
2025-11-07T00:47:36.874Z - debug:  [02660] Looking for an External Context at c:\Users\aharo\Kosstech\OneDrive - Strategic Integration Technologies\bbsynr\my-real-estate-app
2025-11-07T00:47:36.874Z - debug:  [02660] No External Context at c:\Users\aharo\Kosstech\OneDrive - Strategic Integration Technologies\bbsynr\my-real-estate-app
2025-11-07T00:47:36.876Z - debug:  [02660] Looking for TFVC repository at c:\Users\aharo\Kosstech\OneDrive - Strategic Integration Technologies\bbsynr\my-real-estate-app
2025-11-07T00:47:36.877Z - debug:  [02660] TFVC Creating Tfvc object with localPath='undefined'
2025-11-07T00:47:36.878Z - debug:  [02660] Using TFS proxy: 
2025-11-07T00:47:36.878Z - debug:  [02660] TFVC Retrieved from settings; localPath='C:\TEE\TEE-CLC-14.114.0\tf.cmd'
2025-11-07T00:47:36.879Z - debug:  [02660] TFVC Repository created with repositoryRootFolder='c:\Users\aharo\Kosstech\OneDrive - Strategic Integration Technologies\bbsynr\my-real-estate-app'
2025-11-07T00:47:36.880Z - debug:  [02660] TFVC Repository.CheckVersion
2025-11-07T00:47:36.881Z - debug:  [02660] TFVC: tf add -noprompt -?
2025-11-07T00:47:36.883Z - error:  [02660] spawn EINVAL
2025-11-07T21:58:00.556Z - info:   [20516] *** FOLDER: c:\Users\aharo\Kosstech\OneDrive - Strategic Integration Technologies\bbsynr\my-real-estate-app ***
2025-11-07T21:58:00.558Z - info:   [20516] AzureReposVSCode/1.161.0 (VSCode 1.105.1; Windows_NT 10.0.26200; Node 22.19.0)
2025-11-07T21:58:00.559Z - debug:  [20516] Looking for an External Context at c:\Users\aharo\Kosstech\OneDrive - Strategic Integration Technologies\bbsynr\my-real-estate-app
2025-11-07T21:58:00.559Z - debug:  [20516] No External Context at c:\Users\aharo\Kosstech\OneDrive - Strategic Integration Technologies\bbsynr\my-real-estate-app
2025-11-07T21:58:00.562Z - debug:  [20516] Looking for TFVC repository at c:\Users\aharo\Kosstech\OneDrive - Strategic Integration Technologies\bbsynr\my-real-estate-app
2025-11-07T21:58:00.563Z - debug:  [20516] TFVC Creating Tfvc object with localPath='undefined'
2025-11-07T21:58:00.564Z - debug:  [20516] Using TFS proxy: 
2025-11-07T21:58:00.565Z - debug:  [20516] TFVC Retrieved from settings; localPath='C:\TEE\TEE-CLC-14.114.0\tf.cmd'
2025-11-07T21:58:00.566Z - debug:  [20516] TFVC Repository created with repositoryRootFolder='c:\Users\aharo\Kosstech\OneDrive - Strategic Integration Technologies\bbsynr\my-real-estate-app'
2025-11-07T21:58:00.569Z - debug:  [20516] TFVC Repository.CheckVersion
2025-11-07T21:58:00.571Z - debug:  [20516] TFVC: tf add -noprompt -?
2025-11-07T21:58:00.574Z - error:  [20516] spawn EINVAL
2025-11-09T21:31:09.910Z - info:   [12996] *** FOLDER: c:\Users\aharo\Kosstech\OneDrive - Strategic Integration Technologies\bbsynr\my-real-estate-app ***
2025-11-09T21:31:09.912Z - info:   [12996] AzureReposVSCode/1.161.0 (VSCode 1.105.1; Windows_NT 10.0.26200; Node 22.19.0)
2025-11-09T21:31:09.917Z - debug:  [12996] Looking for an External Context at c:\Users\aharo\Kosstech\OneDrive - Strategic Integration Technologies\bbsynr\my-real-estate-app
2025-11-09T21:31:09.917Z - debug:  [12996] No External Context at c:\Users\aharo\Kosstech\OneDrive - Strategic Integration Technologies\bbsynr\my-real-estate-app
2025-11-09T21:31:09.920Z - debug:  [12996] Looking for TFVC repository at c:\Users\aharo\Kosstech\OneDrive - Strategic Integration Technologies\bbsynr\my-real-estate-app
2025-11-09T21:31:09.921Z - debug:  [12996] TFVC Creating Tfvc object with localPath='undefined'
2025-11-09T21:31:09.922Z - debug:  [12996] Using TFS proxy: 
2025-11-09T21:31:09.923Z - debug:  [12996] TFVC Retrieved from settings; localPath='C:\TEE\TEE-CLC-14.114.0\tf.cmd'
2025-11-09T21:31:09.926Z - debug:  [12996] TFVC Repository created with repositoryRootFolder='c:\Users\aharo\Kosstech\OneDrive - Strategic Integration Technologies\bbsynr\my-real-estate-app'
2025-11-09T21:31:09.928Z - debug:  [12996] TFVC Repository.CheckVersion
2025-11-09T21:31:09.930Z - debug:  [12996] TFVC: tf add -noprompt -?
2025-11-09T21:31:09.936Z - error:  [12996] spawn EINVAL
2025-11-12T21:11:38.340Z - info:   [21116] *** FOLDER: c:\Users\aharo\Kosstech\OneDrive - Strategic Integration Technologies\bbsynr\my-real-estate-app ***
2025-11-12T21:11:38.342Z - info:   [21116] AzureReposVSCode/1.161.0 (VSCode 1.105.1; Windows_NT 10.0.26200; Node 22.19.0)
2025-11-12T21:11:38.343Z - debug:  [21116] Looking for an External Context at c:\Users\aharo\Kosstech\OneDrive - Strategic Integration Technologies\bbsynr\my-real-estate-app
2025-11-12T21:11:38.344Z - debug:  [21116] No External Context at c:\Users\aharo\Kosstech\OneDrive - Strategic Integration Technologies\bbsynr\my-real-estate-app
2025-11-12T21:11:38.347Z - debug:  [21116] Looking for TFVC repository at c:\Users\aharo\Kosstech\OneDrive - Strategic Integration Technologies\bbsynr\my-real-estate-app
2025-11-12T21:11:38.348Z - debug:  [21116] TFVC Creating Tfvc object with localPath='undefined'
2025-11-12T21:11:38.350Z - debug:  [21116] Using TFS proxy: 
2025-11-12T21:11:38.350Z - debug:  [21116] TFVC Retrieved from settings; localPath='C:\TEE\TEE-CLC-14.114.0\tf.cmd'
2025-11-12T21:11:38.353Z - debug:  [21116] TFVC Repository created with repositoryRootFolder='c:\Users\aharo\Kosstech\OneDrive - Strategic Integration Technologies\bbsynr\my-real-estate-app'
2025-11-12T21:11:38.355Z - debug:  [21116] TFVC Repository.CheckVersion
2025-11-12T21:11:38.357Z - debug:  [21116] TFVC: tf add -noprompt -?
2025-11-12T21:11:38.361Z - error:  [21116] spawn EINVAL
2025-11-13T13:11:20.202Z - info:   [16456] *** FOLDER: c:\Users\aharo\Kosstech\OneDrive - Strategic Integration Technologies\bbsynr\my-real-estate-app ***
2025-11-13T13:11:20.204Z - info:   [16456] AzureReposVSCode/1.161.0 (VSCode 1.105.1; Windows_NT 10.0.26200; Node 22.19.0)
2025-11-13T13:11:20.204Z - debug:  [16456] Looking for an External Context at c:\Users\aharo\Kosstech\OneDrive - Strategic Integration Technologies\bbsynr\my-real-estate-app
2025-11-13T13:11:20.205Z - debug:  [16456] No External Context at c:\Users\aharo\Kosstech\OneDrive - Strategic Integration Technologies\bbsynr\my-real-estate-app
2025-11-13T13:11:20.208Z - debug:  [16456] Looking for TFVC repository at c:\Users\aharo\Kosstech\OneDrive - Strategic Integration Technologies\bbsynr\my-real-estate-app
2025-11-13T13:11:20.209Z - debug:  [16456] TFVC Creating Tfvc object with localPath='undefined'
2025-11-13T13:11:20.212Z - debug:  [16456] Using TFS proxy: 
2025-11-13T13:11:20.212Z - debug:  [16456] TFVC Retrieved from settings; localPath='C:\TEE\TEE-CLC-14.114.0\tf.cmd'
2025-11-13T13:11:20.221Z - debug:  [16456] TFVC Repository created with repositoryRootFolder='c:\Users\aharo\Kosstech\OneDrive - Strategic Integration Technologies\bbsynr\my-real-estate-app'
2025-11-13T13:11:20.223Z - debug:  [16456] TFVC Repository.CheckVersion
2025-11-13T13:11:20.225Z - debug:  [16456] TFVC: tf add -noprompt -?
2025-11-13T13:11:20.227Z - error:  [16456] spawn EINVAL
